Copyright 1986-2020 Xilinx, Inc. All Rights Reserved.
------------------------------------------------------------------------------------------------------------------------------------------
| Tool Version : Vivado v.2020.2 (lin64) Build 3064766 Wed Nov 18 09:12:47 MST 2020
| Date         : Tue Feb  8 16:15:58 2022
| Host         : mconsonni-All-Series running 64-bit Ubuntu 20.04.3 LTS
| Command      : report_drc -file design_1_wrapper_drc_routed.rpt -pb design_1_wrapper_drc_routed.pb -rpx design_1_wrapper_drc_routed.rpx
| Design       : design_1_wrapper
| Device       : xcku040-ffva1156-2-e
| Speed File   : -2
| Design State : Fully Routed
------------------------------------------------------------------------------------------------------------------------------------------

Report DRC

Table of Contents
-----------------
1. REPORT SUMMARY
2. REPORT DETAILS

1. REPORT SUMMARY
-----------------
            Netlist: netlist
          Floorplan: design_1
      Design limits: <entire design considered>
           Ruledeck: default
             Max violations: <unlimited>
             Violations found: 7
+-----------+----------+-----------------------------------------------------+------------+
| Rule      | Severity | Description                                         | Violations |
+-----------+----------+-----------------------------------------------------+------------+
| BUFC-1    | Warning  | Input Buffer Connections                            | 1          |
| CFGBVS-1  | Warning  | Missing CFGBVS and CONFIG_VOLTAGE Design Properties | 1          |
| DPIP-2    | Warning  | Input pipelining                                    | 1          |
| DPOP-3    | Warning  | PREG Output pipelining                              | 1          |
| DPOP-4    | Warning  | MREG Output pipelining                              | 1          |
| PDRC-153  | Warning  | Gated clock check                                   | 1          |
| RTSTAT-10 | Warning  | No routable loads                                   | 1          |
+-----------+----------+-----------------------------------------------------+------------+

2. REPORT DETAILS
-----------------
BUFC-1#1 Warning
Input Buffer Connections  
Input buffer spi_flash_ss_iobuf/IBUFCTRL_INST (in spi_flash_ss_iobuf macro) has no loads. It is recommended to have an input buffer drive an internal load.
Related violations: <none>

CFGBVS-1#1 Warning
Missing CFGBVS and CONFIG_VOLTAGE Design Properties  
Neither the CFGBVS nor CONFIG_VOLTAGE voltage property is set in the current_design.  Configuration bank voltage select (CFGBVS) must be set to VCCO or GND, and CONFIG_VOLTAGE must be set to the correct configuration voltage, in order to determine the I/O voltage support for the pins in bank 0.  It is suggested to specify these either using the 'Edit Device Properties' function in the GUI or directly in the XDC file using the following syntax:

 set_property CFGBVS value1 [current_design]
 #where value1 is either VCCO or GND

 set_property CONFIG_VOLTAGE value2 [current_design]
 #where value2 is the voltage provided to configuration bank 0

Refer to the device configuration user guide for more information.
Related violations: <none>

DPIP-2#1 Warning
Input pipelining  
DSP design_1_i/TDC_Calib/AXI4_TDC_Wrapper_0/U0/axi4_wrapper_inst/axi4_inst/s00_axi_rdata1 input design_1_i/TDC_Calib/AXI4_TDC_Wrapper_0/U0/axi4_wrapper_inst/axi4_inst/s00_axi_rdata1/A[29:0] is not pipelined. Pipelining DSP48 input will improve performance.
Related violations: <none>

DPOP-3#1 Warning
PREG Output pipelining  
DSP design_1_i/TDC_Calib/AXI4_TDC_Wrapper_0/U0/axi4_wrapper_inst/axi4_inst/s00_axi_rdata1 output design_1_i/TDC_Calib/AXI4_TDC_Wrapper_0/U0/axi4_wrapper_inst/axi4_inst/s00_axi_rdata1/P[47:0] is not pipelined (PREG=0). Pipelining the DSP48 output will improve performance and often saves power so it is suggested whenever possible to fully pipeline this function.  If this DSP48 function was inferred, it is suggested to describe an additional register stage after this function.  If the DSP48 was instantiated in the design, it is suggested to set the PREG attribute to 1.
Related violations: <none>

DPOP-4#1 Warning
MREG Output pipelining  
DSP design_1_i/TDC_Calib/AXI4_TDC_Wrapper_0/U0/axi4_wrapper_inst/axi4_inst/s00_axi_rdata1 multiplier stage design_1_i/TDC_Calib/AXI4_TDC_Wrapper_0/U0/axi4_wrapper_inst/axi4_inst/s00_axi_rdata1/P[47:0] is not pipelined (MREG=0). Pipelining the multiplier function will improve performance and will save significant power so it is suggested whenever possible to fully pipeline this function.  If this multiplier was inferred, it is suggested to describe an additional register stage after this function.  If there is no registered adder/accumulator following the multiply function, two pipeline stages are suggested to allow both the MREG and PREG registers to be used.  If the DSP48 was instantiated in the design, it is suggested to set both the MREG and PREG attributes to 1 when performing multiply functions.
Related violations: <none>

PDRC-153#1 Warning
Gated clock check  
Net design_1_i/BeltBus_TTM_0/U0/fifo_inserter_inst/terminate_packet__0 is a gated clock net sourced by a combinational pin design_1_i/BeltBus_TTM_0/U0/fifo_inserter_inst/terminate_packet_reg_i_2/O, cell design_1_i/BeltBus_TTM_0/U0/fifo_inserter_inst/terminate_packet_reg_i_2. This is not good design practice and will likely impact performance. For SLICE registers, for example, use the CE pin to control the loading of data.
Related violations: <none>

RTSTAT-10#1 Warning
No routable loads  
175 net(s) have no routable loads. The problem bus(es) and/or net(s) are dbg_hub/inst/BSCANID.u_xsdbm_id/CORE_XSDB.UUT_MASTER/U_ICON_INTERFACE/U_CMD1/ctl_reg_en_2[1],
dbg_hub/inst/BSCANID.u_xsdbm_id/CORE_XSDB.UUT_MASTER/U_ICON_INTERFACE/U_CMD6_RD/U_RD_FIFO/SUBCORE_FIFO.xsdbm_v3_0_0_rdfifo_inst/inst_fifo_gen/gconvfifo.rf/grf.rf/gntv_or_sync_fifo.gl0.rd/gr1.gr1_int.rfwft/aempty_fwft_i,
dbg_hub/inst/BSCANID.u_xsdbm_id/CORE_XSDB.UUT_MASTER/U_ICON_INTERFACE/U_CMD7_CTL/ctl_reg[2:0],
dbg_hub/inst/BSCANID.u_xsdbm_id/CORE_XSDB.UUT_MASTER/U_ICON_INTERFACE/U_CMD7_CTL/ctl_reg_en_2[1],
design_1_i/system_management_wiz_0/U0/AXI_SYSMON_CORE_I/daddr_C_master_reg2[7:0],
design_1_i/system_management_wiz_0/U0/AXI_SYSMON_CORE_I/daddr_C_master_reg[7:0],
design_1_i/system_management_wiz_0/U0/AXI_SYSMON_CORE_I/daddr_C_slave0_reg2[7:0],
design_1_i/system_management_wiz_0/U0/AXI_SYSMON_CORE_I/daddr_C_slave0_reg[7:0],
design_1_i/system_management_wiz_0/U0/AXI_SYSMON_CORE_I/daddr_C_slave1_reg2[7:0],
design_1_i/system_management_wiz_0/U0/AXI_SYSMON_CORE_I/daddr_C_slave1_reg[7:0],
design_1_i/system_management_wiz_0/U0/AXI_SYSMON_CORE_I/di_C_master_reg2[15:0],
design_1_i/system_management_wiz_0/U0/AXI_SYSMON_CORE_I/di_C_master_reg[15:0],
design_1_i/system_management_wiz_0/U0/AXI_SYSMON_CORE_I/di_C_slave0_reg2[15:0],
design_1_i/system_management_wiz_0/U0/AXI_SYSMON_CORE_I/di_C_slave0_reg[15:0],
design_1_i/system_management_wiz_0/U0/AXI_SYSMON_CORE_I/di_C_slave1_reg2[15:0]
 (the first 15 of 41 listed).
Related violations: <none>


