
*** Running vivado
    with args -log design_1_AXI4Stream_IperDecod_0_2.vds -m64 -product Vivado -mode batch -messageDb vivado.pb -notrace -source design_1_AXI4Stream_IperDecod_0_2.tcl


****** Vivado v2020.2 (64-bit)
  **** SW Build 3064766 on Wed Nov 18 09:12:47 MST 2020
  **** IP Build 3064653 on Wed Nov 18 14:17:31 MST 2020
    ** Copyright 1986-2020 Xilinx, Inc. All Rights Reserved.

source design_1_AXI4Stream_IperDecod_0_2.tcl -notrace
INFO: [IP_Flow 19-234] Refreshing IP repositories
INFO: [IP_Flow 19-1700] Loaded user IP repository '/home/mconsonni/Utility_Ip_Core'.
INFO: [IP_Flow 19-2313] Loaded Vivado IP repository '/opt/Xilinx/Vivado/2020.2/data/ip'.
Command: synth_design -top design_1_AXI4Stream_IperDecod_0_2 -part xcku040-ffva1156-2-e -mode out_of_context
Starting synth_design
Attempting to get a license for feature 'Synthesis' and/or device 'xcku040'
INFO: [Common 17-349] Got license for feature 'Synthesis' and/or device 'xcku040'
INFO: [Common 17-1540] The version limit for your license is '2021.05' and has expired for new software. A version limit expiration means that, although you may be able to continue to use the current version of tools or IP with this license, you will not be eligible for any updates or new releases.
INFO: [Device 21-403] Loading part xcku040-ffva1156-2-e
INFO: [Synth 8-7079] Multithreading enabled for synth_design using a maximum of 4 processes.
INFO: [Synth 8-7078] Launching helper process for spawning children vivado processes
INFO: [Synth 8-7075] Helper process launched with PID 25309
---------------------------------------------------------------------------------
Starting RTL Elaboration : Time (s): cpu = 00:00:03 ; elapsed = 00:00:04 . Memory (MB): peak = 2602.891 ; gain = 168.719 ; free physical = 7743 ; free virtual = 10924
---------------------------------------------------------------------------------
INFO: [Synth 8-638] synthesizing module 'design_1_AXI4Stream_IperDecod_0_2' [/home/mconsonni/Desktop/Tesi/Projects/TDC-KCU105/TDC-KCU105.gen/sources_1/bd/design_1/ip/design_1_AXI4Stream_IperDecod_0_2/synth/design_1_AXI4Stream_IperDecod_0_2.vhd:68]
	Parameter FREE_RUNNING bound to: 1 - type: bool 
	Parameter EDGE_CHECK bound to: 0 - type: bool 
	Parameter MD_VS_TD bound to: MD - type: string 
	Parameter TYPE_DECODER bound to: T2B - type: string 
	Parameter TYPE_EDGE_0 bound to: DN - type: string 
	Parameter TYPE_EDGE_1 bound to: DN - type: string 
	Parameter TYPE_EDGE_2 bound to: DN - type: string 
	Parameter TYPE_EDGE_3 bound to: DN - type: string 
	Parameter TYPE_EDGE_5 bound to: DN - type: string 
	Parameter TYPE_EDGE_4 bound to: DN - type: string 
	Parameter TYPE_EDGE_6 bound to: DN - type: string 
	Parameter TYPE_EDGE_7 bound to: DN - type: string 
	Parameter TYPE_EDGE_8 bound to: DN - type: string 
	Parameter TYPE_EDGE_9 bound to: DN - type: string 
	Parameter TYPE_EDGE_10 bound to: DN - type: string 
	Parameter TYPE_EDGE_12 bound to: DN - type: string 
	Parameter TYPE_EDGE_11 bound to: DN - type: string 
	Parameter TYPE_EDGE_13 bound to: DN - type: string 
	Parameter TYPE_EDGE_14 bound to: DN - type: string 
	Parameter TYPE_EDGE_15 bound to: DN - type: string 
	Parameter NUMBER_OF_TDL bound to: 4 - type: integer 
	Parameter BIT_TDL bound to: 1024 - type: integer 
	Parameter BIT_BUBBLE bound to: 16 - type: integer 
	Parameter BIT_SUB_INT bound to: 12 - type: integer 
	Parameter DECO_LOG_MAX_INPUT_ENGINE_PIPELINE_0 bound to: 2 - type: integer 
	Parameter DECO_LOG_MAX_INPUT_ENGINE_PIPELINE_1 bound to: 2 - type: integer 
	Parameter DECO_T2B_MAX_INPUT_ENGINE_PIPELINE_0 bound to: 4 - type: integer 
	Parameter DECO_T2B_MAX_INPUT_ENGINE_PIPELINE_1 bound to: 2 - type: integer 
	Parameter DECO_T2B_MAX_INPUT_ENGINE_PIPELINE_2 bound to: 2 - type: integer 
	Parameter DECO_T2B_MAX_INPUT_ENGINE_PIPELINE_3 bound to: 2 - type: integer 
	Parameter SUB_INT_MAX_INPUT_ENGINE_PIPELINE_0 bound to: 4 - type: integer 
	Parameter SUB_INT_MAX_INPUT_ENGINE_PIPELINE_1 bound to: 2 - type: integer 
	Parameter PRINT_FULL_REPORT bound to: 0 - type: bool 
	Parameter OPTIMIZATION_MODE bound to: TIME - type: string 
	Parameter WEIGHT_AREA_VS_TIME_PERCENT bound to: 100 - type: integer 
	Parameter DEBUG_MODE bound to: 1 - type: bool 
	Parameter BIT_PIPE_COARSE bound to: 0 - type: integer 
INFO: [Synth 8-3491] module 'AXI4Stream_IperDecoder' declared at '/home/mconsonni/Desktop/Tesi/Projects/TDC-KCU105/TDC-KCU105.gen/sources_1/bd/design_1/ipshared/edb7/hdl/IperDecoder/AXI4Stream_IperDecoder.vhd:83' bound to instance 'U0' of component 'AXI4Stream_IperDecoder' [/home/mconsonni/Desktop/Tesi/Projects/TDC-KCU105/TDC-KCU105.gen/sources_1/bd/design_1/ip/design_1_AXI4Stream_IperDecod_0_2/synth/design_1_AXI4Stream_IperDecod_0_2.vhd:142]
INFO: [Synth 8-256] done synthesizing module 'design_1_AXI4Stream_IperDecod_0_2' (11#1) [/home/mconsonni/Desktop/Tesi/Projects/TDC-KCU105/TDC-KCU105.gen/sources_1/bd/design_1/ip/design_1_AXI4Stream_IperDecod_0_2/synth/design_1_AXI4Stream_IperDecod_0_2.vhd:68]
---------------------------------------------------------------------------------
Finished RTL Elaboration : Time (s): cpu = 00:00:06 ; elapsed = 00:00:08 . Memory (MB): peak = 2671.797 ; gain = 237.625 ; free physical = 7777 ; free virtual = 10959
---------------------------------------------------------------------------------
---------------------------------------------------------------------------------
Start Handling Custom Attributes
---------------------------------------------------------------------------------
---------------------------------------------------------------------------------
Finished Handling Custom Attributes : Time (s): cpu = 00:00:06 ; elapsed = 00:00:08 . Memory (MB): peak = 2686.641 ; gain = 252.469 ; free physical = 7736 ; free virtual = 10918
---------------------------------------------------------------------------------
---------------------------------------------------------------------------------
Finished RTL Optimization Phase 1 : Time (s): cpu = 00:00:06 ; elapsed = 00:00:08 . Memory (MB): peak = 2686.641 ; gain = 252.469 ; free physical = 7736 ; free virtual = 10918
---------------------------------------------------------------------------------
Netlist sorting complete. Time (s): cpu = 00:00:00.19 ; elapsed = 00:00:00.19 . Memory (MB): peak = 2686.641 ; gain = 0.000 ; free physical = 7674 ; free virtual = 10855
INFO: [Project 1-570] Preparing netlist for logic optimization

Processing XDC Constraints
Initializing timing engine
Parsing XDC File [/home/mconsonni/Desktop/Tesi/Projects/TDC-KCU105/TDC-KCU105.gen/sources_1/bd/design_1/ip/design_1_AXI4Stream_IperDecod_0_2/src/timing_ooc.xdc] for cell 'U0'
Finished Parsing XDC File [/home/mconsonni/Desktop/Tesi/Projects/TDC-KCU105/TDC-KCU105.gen/sources_1/bd/design_1/ip/design_1_AXI4Stream_IperDecod_0_2/src/timing_ooc.xdc] for cell 'U0'
Parsing XDC File [/home/mconsonni/Desktop/Tesi/Projects/TDC-KCU105/TDC-KCU105.runs/design_1_AXI4Stream_IperDecod_0_2_synth_1/dont_touch.xdc]
Finished Parsing XDC File [/home/mconsonni/Desktop/Tesi/Projects/TDC-KCU105/TDC-KCU105.runs/design_1_AXI4Stream_IperDecod_0_2_synth_1/dont_touch.xdc]
Completed Processing XDC Constraints

Netlist sorting complete. Time (s): cpu = 00:00:00.01 ; elapsed = 00:00:00 . Memory (MB): peak = 2858.391 ; gain = 0.000 ; free physical = 7578 ; free virtual = 10760
INFO: [Project 1-111] Unisim Transformation Summary:
No Unisim elements were transformed.

Constraint Validation Runtime : Time (s): cpu = 00:00:00.45 ; elapsed = 00:00:00.23 . Memory (MB): peak = 2864.328 ; gain = 5.938 ; free physical = 7573 ; free virtual = 10754
---------------------------------------------------------------------------------
Finished Constraint Validation : Time (s): cpu = 00:00:11 ; elapsed = 00:00:14 . Memory (MB): peak = 2864.328 ; gain = 430.156 ; free physical = 7634 ; free virtual = 10816
---------------------------------------------------------------------------------
---------------------------------------------------------------------------------
Start Loading Part and Timing Information
---------------------------------------------------------------------------------
Loading part: xcku040-ffva1156-2-e
INFO: [Synth 8-6742] Reading net delay rules and data
---------------------------------------------------------------------------------
Finished Loading Part and Timing Information : Time (s): cpu = 00:00:11 ; elapsed = 00:00:14 . Memory (MB): peak = 2864.328 ; gain = 430.156 ; free physical = 7634 ; free virtual = 10815
---------------------------------------------------------------------------------
---------------------------------------------------------------------------------
Start Applying 'set_property' XDC Constraints
---------------------------------------------------------------------------------
Applied set_property KEEP_HIERARCHY = SOFT for U0. (constraint file  /home/mconsonni/Desktop/Tesi/Projects/TDC-KCU105/TDC-KCU105.runs/design_1_AXI4Stream_IperDecod_0_2_synth_1/dont_touch.xdc, line 9).
---------------------------------------------------------------------------------
Finished applying 'set_property' XDC Constraints : Time (s): cpu = 00:00:11 ; elapsed = 00:00:14 . Memory (MB): peak = 2864.328 ; gain = 430.156 ; free physical = 7634 ; free virtual = 10815
---------------------------------------------------------------------------------
---------------------------------------------------------------------------------
Finished RTL Optimization Phase 2 : Time (s): cpu = 00:00:12 ; elapsed = 00:00:14 . Memory (MB): peak = 2864.328 ; gain = 430.156 ; free physical = 7614 ; free virtual = 10797
---------------------------------------------------------------------------------
---------------------------------------------------------------------------------
Start RTL Component Statistics 
---------------------------------------------------------------------------------
Detailed RTL Component Info : 
+---Adders : 
	   2 Input   12 Bit       Adders := 1     
	   2 Input   11 Bit       Adders := 6     
	   2 Input   10 Bit       Adders := 8     
	   2 Input    9 Bit       Adders := 16    
	   2 Input    8 Bit       Adders := 32    
	   2 Input    7 Bit       Adders := 64    
	   2 Input    6 Bit       Adders := 128   
	   2 Input    5 Bit       Adders := 256   
	   2 Input    4 Bit       Adders := 512   
	   4 Input    3 Bit       Adders := 1024  
+---Registers : 
	               12 Bit    Registers := 1     
	               11 Bit    Registers := 6     
	               10 Bit    Registers := 8     
	                9 Bit    Registers := 16    
	                8 Bit    Registers := 32    
	                7 Bit    Registers := 64    
	                6 Bit    Registers := 128   
	                5 Bit    Registers := 256   
	                4 Bit    Registers := 512   
	                3 Bit    Registers := 1024  
	                1 Bit    Registers := 2082  
+---Muxes : 
	   2 Input   10 Bit        Muxes := 4     
---------------------------------------------------------------------------------
Finished RTL Component Statistics 
---------------------------------------------------------------------------------
---------------------------------------------------------------------------------
Start Part Resource Summary
---------------------------------------------------------------------------------
Part Resources:
DSPs: 1920 (col length:120)
BRAMs: 1200 (col length: RAMB18 120 RAMB36 60)
---------------------------------------------------------------------------------
Finished Part Resource Summary
---------------------------------------------------------------------------------
---------------------------------------------------------------------------------
Start Cross Boundary and Area Optimization
---------------------------------------------------------------------------------
---------------------------------------------------------------------------------
Finished Cross Boundary and Area Optimization : Time (s): cpu = 00:00:32 ; elapsed = 00:00:38 . Memory (MB): peak = 2864.328 ; gain = 430.156 ; free physical = 7562 ; free virtual = 10768
---------------------------------------------------------------------------------
---------------------------------------------------------------------------------
Start Applying XDC Timing Constraints
---------------------------------------------------------------------------------
---------------------------------------------------------------------------------
Finished Applying XDC Timing Constraints : Time (s): cpu = 00:00:38 ; elapsed = 00:00:48 . Memory (MB): peak = 2894.938 ; gain = 460.766 ; free physical = 7326 ; free virtual = 10532
---------------------------------------------------------------------------------
---------------------------------------------------------------------------------
Start Timing Optimization
---------------------------------------------------------------------------------
---------------------------------------------------------------------------------
Finished Timing Optimization : Time (s): cpu = 00:00:40 ; elapsed = 00:00:50 . Memory (MB): peak = 2923.078 ; gain = 488.906 ; free physical = 7285 ; free virtual = 10490
---------------------------------------------------------------------------------
---------------------------------------------------------------------------------
Start Technology Mapping
---------------------------------------------------------------------------------
---------------------------------------------------------------------------------
Finished Technology Mapping : Time (s): cpu = 00:00:44 ; elapsed = 00:00:54 . Memory (MB): peak = 3026.102 ; gain = 591.930 ; free physical = 7155 ; free virtual = 10361
---------------------------------------------------------------------------------
---------------------------------------------------------------------------------
Start IO Insertion
---------------------------------------------------------------------------------
---------------------------------------------------------------------------------
Start Flattening Before IO Insertion
---------------------------------------------------------------------------------
---------------------------------------------------------------------------------
Finished Flattening Before IO Insertion
---------------------------------------------------------------------------------
---------------------------------------------------------------------------------
Start Final Netlist Cleanup
---------------------------------------------------------------------------------
---------------------------------------------------------------------------------
Finished Final Netlist Cleanup
---------------------------------------------------------------------------------
---------------------------------------------------------------------------------
Finished IO Insertion : Time (s): cpu = 00:00:46 ; elapsed = 00:00:57 . Memory (MB): peak = 3026.102 ; gain = 591.930 ; free physical = 7148 ; free virtual = 10353
---------------------------------------------------------------------------------
---------------------------------------------------------------------------------
Start Renaming Generated Instances
---------------------------------------------------------------------------------
---------------------------------------------------------------------------------
Finished Renaming Generated Instances : Time (s): cpu = 00:00:46 ; elapsed = 00:00:57 . Memory (MB): peak = 3026.102 ; gain = 591.930 ; free physical = 7141 ; free virtual = 10347
---------------------------------------------------------------------------------
---------------------------------------------------------------------------------
Start Rebuilding User Hierarchy
---------------------------------------------------------------------------------
---------------------------------------------------------------------------------
Finished Rebuilding User Hierarchy : Time (s): cpu = 00:00:48 ; elapsed = 00:00:58 . Memory (MB): peak = 3026.102 ; gain = 591.930 ; free physical = 7129 ; free virtual = 10335
---------------------------------------------------------------------------------
---------------------------------------------------------------------------------
Start Renaming Generated Ports
---------------------------------------------------------------------------------
---------------------------------------------------------------------------------
Finished Renaming Generated Ports : Time (s): cpu = 00:00:48 ; elapsed = 00:00:58 . Memory (MB): peak = 3026.102 ; gain = 591.930 ; free physical = 7129 ; free virtual = 10335
---------------------------------------------------------------------------------
---------------------------------------------------------------------------------
Start Handling Custom Attributes
---------------------------------------------------------------------------------
---------------------------------------------------------------------------------
Finished Handling Custom Attributes : Time (s): cpu = 00:00:49 ; elapsed = 00:00:59 . Memory (MB): peak = 3026.102 ; gain = 591.930 ; free physical = 7129 ; free virtual = 10335
---------------------------------------------------------------------------------
---------------------------------------------------------------------------------
Start Renaming Generated Nets
---------------------------------------------------------------------------------
---------------------------------------------------------------------------------
Finished Renaming Generated Nets : Time (s): cpu = 00:00:49 ; elapsed = 00:00:59 . Memory (MB): peak = 3026.102 ; gain = 591.930 ; free physical = 7129 ; free virtual = 10335
---------------------------------------------------------------------------------
---------------------------------------------------------------------------------
Start Writing Synthesis Report
---------------------------------------------------------------------------------

Report BlackBoxes: 
+-+--------------+----------+
| |BlackBox name |Instances |
+-+--------------+----------+
+-+--------------+----------+

Report Cell Usage: 
+------+-------+------+
|      |Cell   |Count |
+------+-------+------+
|1     |CARRY8 |   158|
|2     |LUT2   |  1775|
|3     |LUT3   |   648|
|4     |LUT4   |  3976|
|5     |LUT5   |   264|
|6     |LUT6   |  1784|
|7     |FDCE   |  8177|
+------+-------+------+
---------------------------------------------------------------------------------
Finished Writing Synthesis Report : Time (s): cpu = 00:00:49 ; elapsed = 00:00:59 . Memory (MB): peak = 3026.102 ; gain = 591.930 ; free physical = 7129 ; free virtual = 10335
---------------------------------------------------------------------------------
Synthesis finished with 0 errors, 0 critical warnings and 0 warnings.
Synthesis Optimization Runtime : Time (s): cpu = 00:00:46 ; elapsed = 00:00:56 . Memory (MB): peak = 3026.102 ; gain = 414.242 ; free physical = 7151 ; free virtual = 10357
Synthesis Optimization Complete : Time (s): cpu = 00:00:49 ; elapsed = 00:00:59 . Memory (MB): peak = 3026.109 ; gain = 591.930 ; free physical = 7151 ; free virtual = 10357
INFO: [Project 1-571] Translating synthesized netlist
Netlist sorting complete. Time (s): cpu = 00:00:00.14 ; elapsed = 00:00:00.14 . Memory (MB): peak = 3026.109 ; gain = 0.000 ; free physical = 7322 ; free virtual = 10528
INFO: [Netlist 29-17] Analyzing 158 Unisim elements for replacement
INFO: [Netlist 29-28] Unisim Transformation completed in 0 CPU seconds
INFO: [Project 1-570] Preparing netlist for logic optimization
INFO: [Opt 31-138] Pushed 0 inverter(s) to 0 load pin(s).
Netlist sorting complete. Time (s): cpu = 00:00:00 ; elapsed = 00:00:00 . Memory (MB): peak = 3058.117 ; gain = 0.000 ; free physical = 7391 ; free virtual = 10599
INFO: [Project 1-111] Unisim Transformation Summary:
No Unisim elements were transformed.

INFO: [Common 17-83] Releasing license: Synthesis
22 Infos, 0 Warnings, 0 Critical Warnings and 0 Errors encountered.
synth_design completed successfully
synth_design: Time (s): cpu = 00:00:58 ; elapsed = 00:01:06 . Memory (MB): peak = 3058.117 ; gain = 632.117 ; free physical = 7553 ; free virtual = 10760
INFO: [Common 17-1381] The checkpoint '/home/mconsonni/Desktop/Tesi/Projects/TDC-KCU105/TDC-KCU105.runs/design_1_AXI4Stream_IperDecod_0_2_synth_1/design_1_AXI4Stream_IperDecod_0_2.dcp' has been generated.
WARNING: [Common 17-576] 'use_project_ipc' is deprecated. This option is deprecated and no longer used.
INFO: [Coretcl 2-1648] Added synthesis output to IP cache for IP design_1_AXI4Stream_IperDecod_0_2, cache-ID = ff8e0db31d245e38
config_ip_cache: Time (s): cpu = 00:00:02 ; elapsed = 00:00:05 . Memory (MB): peak = 3090.133 ; gain = 0.000 ; free physical = 7504 ; free virtual = 10733
INFO: [Coretcl 2-1174] Renamed 2094 cell refs.
INFO: [Common 17-1381] The checkpoint '/home/mconsonni/Desktop/Tesi/Projects/TDC-KCU105/TDC-KCU105.runs/design_1_AXI4Stream_IperDecod_0_2_synth_1/design_1_AXI4Stream_IperDecod_0_2.dcp' has been generated.
INFO: [runtcl-4] Executing : report_utilization -file design_1_AXI4Stream_IperDecod_0_2_utilization_synth.rpt -pb design_1_AXI4Stream_IperDecod_0_2_utilization_synth.pb
INFO: [Common 17-206] Exiting Vivado at Tue Feb  8 11:19:24 2022...
