
*** Running vivado
    with args -log design_1_AXI4Stream_MuxDebugg_0_0.vds -m64 -product Vivado -mode batch -messageDb vivado.pb -notrace -source design_1_AXI4Stream_MuxDebugg_0_0.tcl


****** Vivado v2020.2 (64-bit)
  **** SW Build 3064766 on Wed Nov 18 09:12:47 MST 2020
  **** IP Build 3064653 on Wed Nov 18 14:17:31 MST 2020
    ** Copyright 1986-2020 Xilinx, Inc. All Rights Reserved.

source design_1_AXI4Stream_MuxDebugg_0_0.tcl -notrace
INFO: [IP_Flow 19-234] Refreshing IP repositories
INFO: [IP_Flow 19-1700] Loaded user IP repository '/home/mconsonni/Utility_Ip_Core'.
INFO: [IP_Flow 19-2313] Loaded Vivado IP repository '/opt/Xilinx/Vivado/2020.2/data/ip'.
Command: synth_design -top design_1_AXI4Stream_MuxDebugg_0_0 -part xcku040-ffva1156-2-e -mode out_of_context
Starting synth_design
Attempting to get a license for feature 'Synthesis' and/or device 'xcku040'
INFO: [Common 17-349] Got license for feature 'Synthesis' and/or device 'xcku040'
INFO: [Common 17-1540] The version limit for your license is '2021.05' and has expired for new software. A version limit expiration means that, although you may be able to continue to use the current version of tools or IP with this license, you will not be eligible for any updates or new releases.
INFO: [Device 21-403] Loading part xcku040-ffva1156-2-e
INFO: [Synth 8-7079] Multithreading enabled for synth_design using a maximum of 4 processes.
INFO: [Synth 8-7078] Launching helper process for spawning children vivado processes
INFO: [Synth 8-7075] Helper process launched with PID 30034
---------------------------------------------------------------------------------
Starting RTL Elaboration : Time (s): cpu = 00:00:03 ; elapsed = 00:00:04 . Memory (MB): peak = 2602.922 ; gain = 176.719 ; free physical = 4279 ; free virtual = 9755
---------------------------------------------------------------------------------
INFO: [Synth 8-638] synthesizing module 'design_1_AXI4Stream_MuxDebugg_0_0' [/home/mconsonni/Desktop/Tesi/Projects/TDC-KCU105/TDC-KCU105.gen/sources_1/bd/design_1/ip/design_1_AXI4Stream_MuxDebugg_0_0/synth/design_1_AXI4Stream_MuxDebugg_0_0.vhd:76]
	Parameter MAX_CHANNEL bound to: 16 - type: integer 
	Parameter NUM_CHANNEL bound to: 3 - type: integer 
	Parameter DEFAULT_BIT_SEL bound to: 4 - type: integer 
	Parameter MUX_TYPE bound to: 4to1 - type: string 
	Parameter DEBUG_MODE_CT bound to: 1 - type: bool 
	Parameter DEBUG_MODE_CC bound to: 0 - type: bool 
	Parameter C_S00_AXIS_TDATA_WIDTH bound to: 32 - type: integer 
INFO: [Synth 8-3491] module 'AXI4Stream_MuxDebugger' declared at '/home/mconsonni/Desktop/Tesi/Projects/TDC-KCU105/TDC-KCU105.gen/sources_1/bd/design_1/ipshared/8c83/hdl/AXI4Stream_MuxDebugger.vhd:56' bound to instance 'U0' of component 'AXI4Stream_MuxDebugger' [/home/mconsonni/Desktop/Tesi/Projects/TDC-KCU105/TDC-KCU105.gen/sources_1/bd/design_1/ip/design_1_AXI4Stream_MuxDebugg_0_0/synth/design_1_AXI4Stream_MuxDebugg_0_0.vhd:227]
INFO: [Synth 8-256] done synthesizing module 'design_1_AXI4Stream_MuxDebugg_0_0' (4#1) [/home/mconsonni/Desktop/Tesi/Projects/TDC-KCU105/TDC-KCU105.gen/sources_1/bd/design_1/ip/design_1_AXI4Stream_MuxDebugg_0_0/synth/design_1_AXI4Stream_MuxDebugg_0_0.vhd:76]
---------------------------------------------------------------------------------
Finished RTL Elaboration : Time (s): cpu = 00:00:04 ; elapsed = 00:00:05 . Memory (MB): peak = 2650.828 ; gain = 224.625 ; free physical = 4503 ; free virtual = 9979
---------------------------------------------------------------------------------
---------------------------------------------------------------------------------
Start Handling Custom Attributes
---------------------------------------------------------------------------------
---------------------------------------------------------------------------------
Finished Handling Custom Attributes : Time (s): cpu = 00:00:04 ; elapsed = 00:00:05 . Memory (MB): peak = 2665.672 ; gain = 239.469 ; free physical = 5241 ; free virtual = 10717
---------------------------------------------------------------------------------
---------------------------------------------------------------------------------
Finished RTL Optimization Phase 1 : Time (s): cpu = 00:00:04 ; elapsed = 00:00:05 . Memory (MB): peak = 2665.672 ; gain = 239.469 ; free physical = 5241 ; free virtual = 10717
---------------------------------------------------------------------------------
Netlist sorting complete. Time (s): cpu = 00:00:00.01 ; elapsed = 00:00:00.01 . Memory (MB): peak = 2665.672 ; gain = 0.000 ; free physical = 5242 ; free virtual = 10718
INFO: [Project 1-570] Preparing netlist for logic optimization

Processing XDC Constraints
Initializing timing engine
Completed Processing XDC Constraints

Netlist sorting complete. Time (s): cpu = 00:00:00 ; elapsed = 00:00:00 . Memory (MB): peak = 2742.594 ; gain = 0.000 ; free physical = 5179 ; free virtual = 10655
INFO: [Project 1-111] Unisim Transformation Summary:
No Unisim elements were transformed.

Constraint Validation Runtime : Time (s): cpu = 00:00:00.02 ; elapsed = 00:00:00.02 . Memory (MB): peak = 2766.406 ; gain = 23.812 ; free physical = 5177 ; free virtual = 10653
---------------------------------------------------------------------------------
Finished Constraint Validation : Time (s): cpu = 00:00:08 ; elapsed = 00:00:09 . Memory (MB): peak = 2766.406 ; gain = 340.203 ; free physical = 5019 ; free virtual = 10495
---------------------------------------------------------------------------------
---------------------------------------------------------------------------------
Start Loading Part and Timing Information
---------------------------------------------------------------------------------
Loading part: xcku040-ffva1156-2-e
INFO: [Synth 8-6742] Reading net delay rules and data
---------------------------------------------------------------------------------
Finished Loading Part and Timing Information : Time (s): cpu = 00:00:08 ; elapsed = 00:00:09 . Memory (MB): peak = 2766.406 ; gain = 340.203 ; free physical = 5021 ; free virtual = 10497
---------------------------------------------------------------------------------
---------------------------------------------------------------------------------
Start Applying 'set_property' XDC Constraints
---------------------------------------------------------------------------------
---------------------------------------------------------------------------------
Finished applying 'set_property' XDC Constraints : Time (s): cpu = 00:00:08 ; elapsed = 00:00:09 . Memory (MB): peak = 2766.406 ; gain = 340.203 ; free physical = 5020 ; free virtual = 10496
---------------------------------------------------------------------------------
---------------------------------------------------------------------------------
Finished RTL Optimization Phase 2 : Time (s): cpu = 00:00:08 ; elapsed = 00:00:09 . Memory (MB): peak = 2766.406 ; gain = 340.203 ; free physical = 4976 ; free virtual = 10453
---------------------------------------------------------------------------------
---------------------------------------------------------------------------------
Start RTL Component Statistics 
---------------------------------------------------------------------------------
Detailed RTL Component Info : 
+---Registers : 
	               32 Bit    Registers := 1     
	                1 Bit    Registers := 2     
+---Muxes : 
	   4 Input   32 Bit        Muxes := 1     
---------------------------------------------------------------------------------
Finished RTL Component Statistics 
---------------------------------------------------------------------------------
---------------------------------------------------------------------------------
Start Part Resource Summary
---------------------------------------------------------------------------------
Part Resources:
DSPs: 1920 (col length:120)
BRAMs: 1200 (col length: RAMB18 120 RAMB36 60)
---------------------------------------------------------------------------------
Finished Part Resource Summary
---------------------------------------------------------------------------------
---------------------------------------------------------------------------------
Start Cross Boundary and Area Optimization
---------------------------------------------------------------------------------
---------------------------------------------------------------------------------
Finished Cross Boundary and Area Optimization : Time (s): cpu = 00:00:09 ; elapsed = 00:00:10 . Memory (MB): peak = 2766.406 ; gain = 340.203 ; free physical = 4926 ; free virtual = 10407
---------------------------------------------------------------------------------
---------------------------------------------------------------------------------
Start Applying XDC Timing Constraints
---------------------------------------------------------------------------------
---------------------------------------------------------------------------------
Finished Applying XDC Timing Constraints : Time (s): cpu = 00:00:16 ; elapsed = 00:00:23 . Memory (MB): peak = 2851.906 ; gain = 425.703 ; free physical = 3935 ; free virtual = 9414
---------------------------------------------------------------------------------
---------------------------------------------------------------------------------
Start Timing Optimization
---------------------------------------------------------------------------------
---------------------------------------------------------------------------------
Finished Timing Optimization : Time (s): cpu = 00:00:16 ; elapsed = 00:00:23 . Memory (MB): peak = 2851.906 ; gain = 425.703 ; free physical = 3935 ; free virtual = 9414
---------------------------------------------------------------------------------
---------------------------------------------------------------------------------
Start Technology Mapping
---------------------------------------------------------------------------------
---------------------------------------------------------------------------------
Finished Technology Mapping : Time (s): cpu = 00:00:16 ; elapsed = 00:00:23 . Memory (MB): peak = 2880.953 ; gain = 454.750 ; free physical = 3932 ; free virtual = 9411
---------------------------------------------------------------------------------
---------------------------------------------------------------------------------
Start IO Insertion
---------------------------------------------------------------------------------
---------------------------------------------------------------------------------
Start Flattening Before IO Insertion
---------------------------------------------------------------------------------
---------------------------------------------------------------------------------
Finished Flattening Before IO Insertion
---------------------------------------------------------------------------------
---------------------------------------------------------------------------------
Start Final Netlist Cleanup
---------------------------------------------------------------------------------
---------------------------------------------------------------------------------
Finished Final Netlist Cleanup
---------------------------------------------------------------------------------
---------------------------------------------------------------------------------
Finished IO Insertion : Time (s): cpu = 00:00:19 ; elapsed = 00:00:26 . Memory (MB): peak = 2880.953 ; gain = 454.750 ; free physical = 3932 ; free virtual = 9412
---------------------------------------------------------------------------------
---------------------------------------------------------------------------------
Start Renaming Generated Instances
---------------------------------------------------------------------------------
---------------------------------------------------------------------------------
Finished Renaming Generated Instances : Time (s): cpu = 00:00:19 ; elapsed = 00:00:26 . Memory (MB): peak = 2880.953 ; gain = 454.750 ; free physical = 3932 ; free virtual = 9412
---------------------------------------------------------------------------------
---------------------------------------------------------------------------------
Start Rebuilding User Hierarchy
---------------------------------------------------------------------------------
---------------------------------------------------------------------------------
Finished Rebuilding User Hierarchy : Time (s): cpu = 00:00:19 ; elapsed = 00:00:26 . Memory (MB): peak = 2880.953 ; gain = 454.750 ; free physical = 3932 ; free virtual = 9412
---------------------------------------------------------------------------------
---------------------------------------------------------------------------------
Start Renaming Generated Ports
---------------------------------------------------------------------------------
---------------------------------------------------------------------------------
Finished Renaming Generated Ports : Time (s): cpu = 00:00:19 ; elapsed = 00:00:26 . Memory (MB): peak = 2880.953 ; gain = 454.750 ; free physical = 3932 ; free virtual = 9412
---------------------------------------------------------------------------------
---------------------------------------------------------------------------------
Start Handling Custom Attributes
---------------------------------------------------------------------------------
---------------------------------------------------------------------------------
Finished Handling Custom Attributes : Time (s): cpu = 00:00:19 ; elapsed = 00:00:26 . Memory (MB): peak = 2880.953 ; gain = 454.750 ; free physical = 3932 ; free virtual = 9412
---------------------------------------------------------------------------------
---------------------------------------------------------------------------------
Start Renaming Generated Nets
---------------------------------------------------------------------------------
---------------------------------------------------------------------------------
Finished Renaming Generated Nets : Time (s): cpu = 00:00:19 ; elapsed = 00:00:26 . Memory (MB): peak = 2880.953 ; gain = 454.750 ; free physical = 3932 ; free virtual = 9412
---------------------------------------------------------------------------------
---------------------------------------------------------------------------------
Start Writing Synthesis Report
---------------------------------------------------------------------------------

Report BlackBoxes: 
+-+--------------+----------+
| |BlackBox name |Instances |
+-+--------------+----------+
+-+--------------+----------+

Report Cell Usage: 
+------+-----+------+
|      |Cell |Count |
+------+-----+------+
|1     |LUT1 |     1|
|2     |LUT5 |    33|
|3     |LUT6 |     1|
|4     |FDRE |    34|
+------+-----+------+
---------------------------------------------------------------------------------
Finished Writing Synthesis Report : Time (s): cpu = 00:00:19 ; elapsed = 00:00:26 . Memory (MB): peak = 2880.953 ; gain = 454.750 ; free physical = 3932 ; free virtual = 9412
---------------------------------------------------------------------------------
Synthesis finished with 0 errors, 0 critical warnings and 0 warnings.
Synthesis Optimization Runtime : Time (s): cpu = 00:00:18 ; elapsed = 00:00:25 . Memory (MB): peak = 2880.953 ; gain = 354.016 ; free physical = 3953 ; free virtual = 9432
Synthesis Optimization Complete : Time (s): cpu = 00:00:19 ; elapsed = 00:00:26 . Memory (MB): peak = 2880.961 ; gain = 454.750 ; free physical = 3953 ; free virtual = 9432
INFO: [Project 1-571] Translating synthesized netlist
Netlist sorting complete. Time (s): cpu = 00:00:00.01 ; elapsed = 00:00:00 . Memory (MB): peak = 2888.891 ; gain = 0.000 ; free physical = 4038 ; free virtual = 9517
INFO: [Project 1-570] Preparing netlist for logic optimization
INFO: [Opt 31-138] Pushed 0 inverter(s) to 0 load pin(s).
Netlist sorting complete. Time (s): cpu = 00:00:00 ; elapsed = 00:00:00 . Memory (MB): peak = 2906.734 ; gain = 0.000 ; free physical = 3995 ; free virtual = 9474
INFO: [Project 1-111] Unisim Transformation Summary:
No Unisim elements were transformed.

INFO: [Common 17-83] Releasing license: Synthesis
20 Infos, 0 Warnings, 0 Critical Warnings and 0 Errors encountered.
synth_design completed successfully
synth_design: Time (s): cpu = 00:00:28 ; elapsed = 00:00:32 . Memory (MB): peak = 2906.734 ; gain = 488.703 ; free physical = 4141 ; free virtual = 9621
INFO: [Common 17-1381] The checkpoint '/home/mconsonni/Desktop/Tesi/Projects/TDC-KCU105/TDC-KCU105.runs/design_1_AXI4Stream_MuxDebugg_0_0_synth_1/design_1_AXI4Stream_MuxDebugg_0_0.dcp' has been generated.
WARNING: [Common 17-576] 'use_project_ipc' is deprecated. This option is deprecated and no longer used.
INFO: [Coretcl 2-1648] Added synthesis output to IP cache for IP design_1_AXI4Stream_MuxDebugg_0_0, cache-ID = 8c14906134d40a68
INFO: [Coretcl 2-1174] Renamed 3 cell refs.
INFO: [Common 17-1381] The checkpoint '/home/mconsonni/Desktop/Tesi/Projects/TDC-KCU105/TDC-KCU105.runs/design_1_AXI4Stream_MuxDebugg_0_0_synth_1/design_1_AXI4Stream_MuxDebugg_0_0.dcp' has been generated.
INFO: [runtcl-4] Executing : report_utilization -file design_1_AXI4Stream_MuxDebugg_0_0_utilization_synth.rpt -pb design_1_AXI4Stream_MuxDebugg_0_0_utilization_synth.pb
INFO: [Common 17-206] Exiting Vivado at Wed Dec  1 16:50:09 2021...
