
*** Running vivado
    with args -log design_1_BeltBus_TDCCounter_0_0.vds -m64 -product Vivado -mode batch -messageDb vivado.pb -notrace -source design_1_BeltBus_TDCCounter_0_0.tcl


****** Vivado v2020.2 (64-bit)
  **** SW Build 3064766 on Wed Nov 18 09:12:47 MST 2020
  **** IP Build 3064653 on Wed Nov 18 14:17:31 MST 2020
    ** Copyright 1986-2020 Xilinx, Inc. All Rights Reserved.

source design_1_BeltBus_TDCCounter_0_0.tcl -notrace
INFO: [IP_Flow 19-234] Refreshing IP repositories
INFO: [IP_Flow 19-1700] Loaded user IP repository '/home/mconsonni/Utility_Ip_Core'.
INFO: [IP_Flow 19-2313] Loaded Vivado IP repository '/opt/Xilinx/Vivado/2020.2/data/ip'.
Command: synth_design -top design_1_BeltBus_TDCCounter_0_0 -part xcku040-ffva1156-2-e -mode out_of_context
Starting synth_design
Attempting to get a license for feature 'Synthesis' and/or device 'xcku040'
INFO: [Common 17-349] Got license for feature 'Synthesis' and/or device 'xcku040'
INFO: [Common 17-1540] The version limit for your license is '2021.05' and has expired for new software. A version limit expiration means that, although you may be able to continue to use the current version of tools or IP with this license, you will not be eligible for any updates or new releases.
INFO: [Device 21-403] Loading part xcku040-ffva1156-2-e
INFO: [Synth 8-7079] Multithreading enabled for synth_design using a maximum of 4 processes.
INFO: [Synth 8-7078] Launching helper process for spawning children vivado processes
INFO: [Synth 8-7075] Helper process launched with PID 10323
---------------------------------------------------------------------------------
Starting RTL Elaboration : Time (s): cpu = 00:00:02 ; elapsed = 00:00:03 . Memory (MB): peak = 2603.891 ; gain = 169.719 ; free physical = 7590 ; free virtual = 10297
---------------------------------------------------------------------------------
INFO: [Synth 8-638] synthesizing module 'design_1_BeltBus_TDCCounter_0_0' [/home/mconsonni/Desktop/Tesi/Projects/TDC-KCU105/TDC-KCU105.gen/sources_1/bd/design_1/ip/design_1_BeltBus_TDCCounter_0_0/synth/design_1_BeltBus_TDCCounter_0_0.vhd:87]
	Parameter BIT_COARSE bound to: 8 - type: integer 
	Parameter BIT_FID bound to: 2 - type: integer 
	Parameter BIT_NUM_CH bound to: 4 - type: integer 
	Parameter NUM_CH bound to: 3 - type: integer 
	Parameter COUNTER_WIDTH bound to: 32 - type: integer 
	Parameter INTTIME_INIT bound to: 20000000 - type: integer 
	Parameter SYNC_STAGES bound to: 4 - type: integer 
	Parameter SYNC_STAGES_INIT_V bound to: 1'b0 
	Parameter COMMAND_CMD_WIDTH bound to: 6 - type: integer 
	Parameter COMMAND_DATA_WIDTH bound to: 32 - type: integer 
	Parameter COMMAND_RESP_WIDTH bound to: 2 - type: integer 
	Parameter BIT_RESOLUTION bound to: 16 - type: integer 
	Parameter C_S00_AXI_ADDR_ABS bound to: 32'b01000100101000000000000000000000 
	Parameter C_S00_AXI_DATA_WIDTH bound to: 32 - type: integer 
	Parameter C_S00_AXI_ADDR_WIDTH bound to: 12 - type: integer 
	Parameter C_M00_AXIS_TDEST_WIDTH bound to: 8 - type: integer 
	Parameter C_M00_AXIS_TDATA_WIDTH bound to: 56 - type: integer 
INFO: [Synth 8-3491] module 'tdccounter_v1_0' declared at '/home/mconsonni/Desktop/Tesi/Projects/TDC-KCU105/TDC-KCU105.gen/sources_1/bd/design_1/ipshared/512d/hdl/tdccounter_v1_0.vhd:10' bound to instance 'U0' of component 'TDCCounter_v1_0' [/home/mconsonni/Desktop/Tesi/Projects/TDC-KCU105/TDC-KCU105.gen/sources_1/bd/design_1/ip/design_1_BeltBus_TDCCounter_0_0/synth/design_1_BeltBus_TDCCounter_0_0.vhd:180]
INFO: [Synth 8-256] done synthesizing module 'design_1_BeltBus_TDCCounter_0_0' (4#1) [/home/mconsonni/Desktop/Tesi/Projects/TDC-KCU105/TDC-KCU105.gen/sources_1/bd/design_1/ip/design_1_BeltBus_TDCCounter_0_0/synth/design_1_BeltBus_TDCCounter_0_0.vhd:87]
---------------------------------------------------------------------------------
Finished RTL Elaboration : Time (s): cpu = 00:00:03 ; elapsed = 00:00:04 . Memory (MB): peak = 2654.797 ; gain = 220.625 ; free physical = 8888 ; free virtual = 11603
---------------------------------------------------------------------------------
---------------------------------------------------------------------------------
Start Handling Custom Attributes
---------------------------------------------------------------------------------
---------------------------------------------------------------------------------
Finished Handling Custom Attributes : Time (s): cpu = 00:00:04 ; elapsed = 00:00:04 . Memory (MB): peak = 2669.641 ; gain = 235.469 ; free physical = 8903 ; free virtual = 11634
---------------------------------------------------------------------------------
---------------------------------------------------------------------------------
Finished RTL Optimization Phase 1 : Time (s): cpu = 00:00:04 ; elapsed = 00:00:04 . Memory (MB): peak = 2669.641 ; gain = 235.469 ; free physical = 8903 ; free virtual = 11633
---------------------------------------------------------------------------------
Netlist sorting complete. Time (s): cpu = 00:00:00.01 ; elapsed = 00:00:00.01 . Memory (MB): peak = 2669.641 ; gain = 0.000 ; free physical = 8903 ; free virtual = 11634
INFO: [Project 1-570] Preparing netlist for logic optimization

Processing XDC Constraints
Initializing timing engine
Parsing XDC File [/home/mconsonni/Desktop/Tesi/Projects/TDC-KCU105/TDC-KCU105.gen/sources_1/bd/design_1/ip/design_1_BeltBus_TDCCounter_0_0/xdc/timing_OOC.xdc] for cell 'U0'
Finished Parsing XDC File [/home/mconsonni/Desktop/Tesi/Projects/TDC-KCU105/TDC-KCU105.gen/sources_1/bd/design_1/ip/design_1_BeltBus_TDCCounter_0_0/xdc/timing_OOC.xdc] for cell 'U0'
Parsing XDC File [/home/mconsonni/Desktop/Tesi/Projects/TDC-KCU105/TDC-KCU105.gen/sources_1/bd/design_1/ip/design_1_BeltBus_TDCCounter_0_0/xdc/timinig.xdc] for cell 'U0'
Finished Parsing XDC File [/home/mconsonni/Desktop/Tesi/Projects/TDC-KCU105/TDC-KCU105.gen/sources_1/bd/design_1/ip/design_1_BeltBus_TDCCounter_0_0/xdc/timinig.xdc] for cell 'U0'
Parsing XDC File [/home/mconsonni/Desktop/Tesi/Projects/TDC-KCU105/TDC-KCU105.runs/design_1_BeltBus_TDCCounter_0_0_synth_1/dont_touch.xdc]
Finished Parsing XDC File [/home/mconsonni/Desktop/Tesi/Projects/TDC-KCU105/TDC-KCU105.runs/design_1_BeltBus_TDCCounter_0_0_synth_1/dont_touch.xdc]
Completed Processing XDC Constraints

Netlist sorting complete. Time (s): cpu = 00:00:00 ; elapsed = 00:00:00 . Memory (MB): peak = 2839.391 ; gain = 0.000 ; free physical = 8844 ; free virtual = 11583
INFO: [Project 1-111] Unisim Transformation Summary:
No Unisim elements were transformed.

Constraint Validation Runtime : Time (s): cpu = 00:00:00.05 ; elapsed = 00:00:00.03 . Memory (MB): peak = 2839.391 ; gain = 0.000 ; free physical = 8836 ; free virtual = 11575
---------------------------------------------------------------------------------
Finished Constraint Validation : Time (s): cpu = 00:00:07 ; elapsed = 00:00:08 . Memory (MB): peak = 2839.391 ; gain = 405.219 ; free physical = 8875 ; free virtual = 11614
---------------------------------------------------------------------------------
---------------------------------------------------------------------------------
Start Loading Part and Timing Information
---------------------------------------------------------------------------------
Loading part: xcku040-ffva1156-2-e
INFO: [Synth 8-6742] Reading net delay rules and data
---------------------------------------------------------------------------------
Finished Loading Part and Timing Information : Time (s): cpu = 00:00:07 ; elapsed = 00:00:08 . Memory (MB): peak = 2839.391 ; gain = 405.219 ; free physical = 8875 ; free virtual = 11614
---------------------------------------------------------------------------------
---------------------------------------------------------------------------------
Start Applying 'set_property' XDC Constraints
---------------------------------------------------------------------------------
Applied set_property KEEP_HIERARCHY = SOFT for U0. (constraint file  /home/mconsonni/Desktop/Tesi/Projects/TDC-KCU105/TDC-KCU105.runs/design_1_BeltBus_TDCCounter_0_0_synth_1/dont_touch.xdc, line 9).
---------------------------------------------------------------------------------
Finished applying 'set_property' XDC Constraints : Time (s): cpu = 00:00:07 ; elapsed = 00:00:08 . Memory (MB): peak = 2839.391 ; gain = 405.219 ; free physical = 8875 ; free virtual = 11615
---------------------------------------------------------------------------------
---------------------------------------------------------------------------------
Finished RTL Optimization Phase 2 : Time (s): cpu = 00:00:11 ; elapsed = 00:00:12 . Memory (MB): peak = 2839.391 ; gain = 405.219 ; free physical = 8781 ; free virtual = 11527
---------------------------------------------------------------------------------
---------------------------------------------------------------------------------
Start RTL Component Statistics 
---------------------------------------------------------------------------------
Detailed RTL Component Info : 
+---Adders : 
	   2 Input   32 Bit       Adders := 2     
	   2 Input   12 Bit       Adders := 1     
	   2 Input   11 Bit       Adders := 1     
+---Registers : 
	              224 Bit    Registers := 1     
	               56 Bit    Registers := 1     
	               32 Bit    Registers := 19    
	                6 Bit    Registers := 1     
	                4 Bit    Registers := 4     
	                2 Bit    Registers := 3     
	                1 Bit    Registers := 14    
+---Muxes : 
	   2 Input   32 Bit        Muxes := 6     
	   3 Input   32 Bit        Muxes := 1     
	   2 Input    8 Bit        Muxes := 4     
	   2 Input    2 Bit        Muxes := 9     
	   3 Input    2 Bit        Muxes := 2     
	   2 Input    1 Bit        Muxes := 44    
	   5 Input    1 Bit        Muxes := 1     
	   3 Input    1 Bit        Muxes := 1     
---------------------------------------------------------------------------------
Finished RTL Component Statistics 
---------------------------------------------------------------------------------
---------------------------------------------------------------------------------
Start Part Resource Summary
---------------------------------------------------------------------------------
Part Resources:
DSPs: 1920 (col length:120)
BRAMs: 1200 (col length: RAMB18 120 RAMB36 60)
---------------------------------------------------------------------------------
Finished Part Resource Summary
---------------------------------------------------------------------------------
---------------------------------------------------------------------------------
Start Cross Boundary and Area Optimization
---------------------------------------------------------------------------------
---------------------------------------------------------------------------------
Finished Cross Boundary and Area Optimization : Time (s): cpu = 00:00:13 ; elapsed = 00:00:15 . Memory (MB): peak = 2839.391 ; gain = 405.219 ; free physical = 8723 ; free virtual = 11478
---------------------------------------------------------------------------------
---------------------------------------------------------------------------------
Start Applying XDC Timing Constraints
---------------------------------------------------------------------------------
---------------------------------------------------------------------------------
Finished Applying XDC Timing Constraints : Time (s): cpu = 00:00:19 ; elapsed = 00:00:25 . Memory (MB): peak = 2864.156 ; gain = 429.984 ; free physical = 8480 ; free virtual = 11260
---------------------------------------------------------------------------------
---------------------------------------------------------------------------------
Start Timing Optimization
---------------------------------------------------------------------------------
---------------------------------------------------------------------------------
Finished Timing Optimization : Time (s): cpu = 00:00:20 ; elapsed = 00:00:26 . Memory (MB): peak = 2909.195 ; gain = 475.023 ; free physical = 8510 ; free virtual = 11304
---------------------------------------------------------------------------------
---------------------------------------------------------------------------------
Start Technology Mapping
---------------------------------------------------------------------------------
---------------------------------------------------------------------------------
Finished Technology Mapping : Time (s): cpu = 00:00:20 ; elapsed = 00:00:26 . Memory (MB): peak = 2909.195 ; gain = 475.023 ; free physical = 8507 ; free virtual = 11301
---------------------------------------------------------------------------------
---------------------------------------------------------------------------------
Start IO Insertion
---------------------------------------------------------------------------------
---------------------------------------------------------------------------------
Start Flattening Before IO Insertion
---------------------------------------------------------------------------------
---------------------------------------------------------------------------------
Finished Flattening Before IO Insertion
---------------------------------------------------------------------------------
---------------------------------------------------------------------------------
Start Final Netlist Cleanup
---------------------------------------------------------------------------------
---------------------------------------------------------------------------------
Finished Final Netlist Cleanup
---------------------------------------------------------------------------------
---------------------------------------------------------------------------------
Finished IO Insertion : Time (s): cpu = 00:00:22 ; elapsed = 00:00:28 . Memory (MB): peak = 2909.195 ; gain = 475.023 ; free physical = 8528 ; free virtual = 11334
---------------------------------------------------------------------------------
---------------------------------------------------------------------------------
Start Renaming Generated Instances
---------------------------------------------------------------------------------
---------------------------------------------------------------------------------
Finished Renaming Generated Instances : Time (s): cpu = 00:00:22 ; elapsed = 00:00:28 . Memory (MB): peak = 2909.195 ; gain = 475.023 ; free physical = 8528 ; free virtual = 11334
---------------------------------------------------------------------------------
---------------------------------------------------------------------------------
Start Rebuilding User Hierarchy
---------------------------------------------------------------------------------
---------------------------------------------------------------------------------
Finished Rebuilding User Hierarchy : Time (s): cpu = 00:00:22 ; elapsed = 00:00:28 . Memory (MB): peak = 2909.195 ; gain = 475.023 ; free physical = 8536 ; free virtual = 11331
---------------------------------------------------------------------------------
---------------------------------------------------------------------------------
Start Renaming Generated Ports
---------------------------------------------------------------------------------
---------------------------------------------------------------------------------
Finished Renaming Generated Ports : Time (s): cpu = 00:00:22 ; elapsed = 00:00:28 . Memory (MB): peak = 2909.195 ; gain = 475.023 ; free physical = 8536 ; free virtual = 11331
---------------------------------------------------------------------------------
---------------------------------------------------------------------------------
Start Handling Custom Attributes
---------------------------------------------------------------------------------
---------------------------------------------------------------------------------
Finished Handling Custom Attributes : Time (s): cpu = 00:00:22 ; elapsed = 00:00:28 . Memory (MB): peak = 2909.195 ; gain = 475.023 ; free physical = 8535 ; free virtual = 11331
---------------------------------------------------------------------------------
---------------------------------------------------------------------------------
Start Renaming Generated Nets
---------------------------------------------------------------------------------
---------------------------------------------------------------------------------
Finished Renaming Generated Nets : Time (s): cpu = 00:00:22 ; elapsed = 00:00:28 . Memory (MB): peak = 2909.195 ; gain = 475.023 ; free physical = 8535 ; free virtual = 11331
---------------------------------------------------------------------------------
---------------------------------------------------------------------------------
Start ROM, RAM, DSP, Shift Register and Retiming Reporting
---------------------------------------------------------------------------------

Static Shift Register Report:
+----------------+-------------------------------------+--------+-------+--------------+--------------------+-------------------+--------+---------+
|Module Name     | RTL Name                            | Length | Width | Reset Signal | Pull out first Reg | Pull out last Reg | SRL16E | SRLC32E | 
+----------------+-------------------------------------+--------+-------+--------------+--------------------+-------------------+--------+---------+
|tdccounter_v1_0 | axihandler/Command_ACK_SR_reg[3]    | 4      | 1     | NO           | NO                 | YES               | 1      | 0       | 
|tdccounter_v1_0 | axihandler/Counters_valid_SR_reg[3] | 4      | 1     | NO           | NO                 | YES               | 1      | 0       | 
+----------------+-------------------------------------+--------+-------+--------------+--------------------+-------------------+--------+---------+

---------------------------------------------------------------------------------
Finished ROM, RAM, DSP, Shift Register and Retiming Reporting
---------------------------------------------------------------------------------
---------------------------------------------------------------------------------
Start Writing Synthesis Report
---------------------------------------------------------------------------------

Report BlackBoxes: 
+-+--------------+----------+
| |BlackBox name |Instances |
+-+--------------+----------+
+-+--------------+----------+

Report Cell Usage: 
+------+-------+------+
|      |Cell   |Count |
+------+-------+------+
|1     |CARRY8 |    14|
|2     |LUT1   |     2|
|3     |LUT2   |    21|
|4     |LUT3   |    35|
|5     |LUT4   |    16|
|6     |LUT5   |    42|
|7     |LUT6   |   203|
|8     |SRL16E |     2|
|9     |FDCE   |     5|
|10    |FDRE   |   818|
|11    |FDSE   |     3|
+------+-------+------+
---------------------------------------------------------------------------------
Finished Writing Synthesis Report : Time (s): cpu = 00:00:22 ; elapsed = 00:00:28 . Memory (MB): peak = 2909.195 ; gain = 475.023 ; free physical = 8535 ; free virtual = 11331
---------------------------------------------------------------------------------
Synthesis finished with 0 errors, 0 critical warnings and 0 warnings.
Synthesis Optimization Runtime : Time (s): cpu = 00:00:22 ; elapsed = 00:00:27 . Memory (MB): peak = 2909.195 ; gain = 305.273 ; free physical = 8552 ; free virtual = 11351
Synthesis Optimization Complete : Time (s): cpu = 00:00:22 ; elapsed = 00:00:28 . Memory (MB): peak = 2909.203 ; gain = 475.023 ; free physical = 8551 ; free virtual = 11351
INFO: [Project 1-571] Translating synthesized netlist
Netlist sorting complete. Time (s): cpu = 00:00:00.01 ; elapsed = 00:00:00.01 . Memory (MB): peak = 2913.164 ; gain = 0.000 ; free physical = 8619 ; free virtual = 11432
INFO: [Netlist 29-17] Analyzing 14 Unisim elements for replacement
INFO: [Netlist 29-28] Unisim Transformation completed in 0 CPU seconds
INFO: [Project 1-570] Preparing netlist for logic optimization
INFO: [Opt 31-138] Pushed 0 inverter(s) to 0 load pin(s).
Netlist sorting complete. Time (s): cpu = 00:00:00 ; elapsed = 00:00:00 . Memory (MB): peak = 2958.055 ; gain = 0.000 ; free physical = 8599 ; free virtual = 11399
INFO: [Project 1-111] Unisim Transformation Summary:
No Unisim elements were transformed.

INFO: [Common 17-83] Releasing license: Synthesis
22 Infos, 0 Warnings, 0 Critical Warnings and 0 Errors encountered.
synth_design completed successfully
synth_design: Time (s): cpu = 00:00:30 ; elapsed = 00:00:34 . Memory (MB): peak = 2958.055 ; gain = 532.055 ; free physical = 8741 ; free virtual = 11542
INFO: [Common 17-1381] The checkpoint '/home/mconsonni/Desktop/Tesi/Projects/TDC-KCU105/TDC-KCU105.runs/design_1_BeltBus_TDCCounter_0_0_synth_1/design_1_BeltBus_TDCCounter_0_0.dcp' has been generated.
WARNING: [Common 17-576] 'use_project_ipc' is deprecated. This option is deprecated and no longer used.
INFO: [Coretcl 2-1648] Added synthesis output to IP cache for IP design_1_BeltBus_TDCCounter_0_0, cache-ID = 26ac9eeab864afd4
INFO: [Coretcl 2-1174] Renamed 3 cell refs.
INFO: [Common 17-1381] The checkpoint '/home/mconsonni/Desktop/Tesi/Projects/TDC-KCU105/TDC-KCU105.runs/design_1_BeltBus_TDCCounter_0_0_synth_1/design_1_BeltBus_TDCCounter_0_0.dcp' has been generated.
INFO: [runtcl-4] Executing : report_utilization -file design_1_BeltBus_TDCCounter_0_0_utilization_synth.rpt -pb design_1_BeltBus_TDCCounter_0_0_utilization_synth.pb
INFO: [Common 17-206] Exiting Vivado at Tue Feb  8 10:41:54 2022...
